{"uid":"132b7af6fb66f4aa","name":"should_retry","fullName":"qa-pytest-commons.tests.bdd_scenario_tests.BddScenarioTests#should_retry","historyId":"65dddd020fdf736c2cd183da8553a4d0","time":{"start":1771395189063,"stop":1771395196069,"duration":7006},"status":"passed","flaky":false,"newFailed":false,"newBroken":false,"newPassed":false,"retriesCount":0,"retriesStatusChange":false,"beforeStages":[{"name":"_xunit_setup_method_fixture_BddScenarioTests","time":{"start":1771395189063,"stop":1771395189063,"duration":0},"status":"passed","steps":[],"attachments":[],"parameters":[],"shouldDisplayMessage":false,"stepsCount":0,"attachmentsCount":0,"hasContent":false,"attachmentStep":false}],"testStage":{"status":"passed","steps":[{"name":"Given nothing ","time":{"start":1771395189064,"stop":1771395189064,"duration":0},"status":"passed","steps":[],"attachments":[],"parameters":[],"shouldDisplayMessage":false,"stepsCount":0,"attachmentsCount":0,"hasContent":false,"attachmentStep":false},{"name":"When failing boom","time":{"start":1771395189064,"stop":1771395189064,"duration":0},"status":"broken","statusMessage":"qa_testing_utils.exceptions.TestException: boom\n","statusTrace":"  File \"/home/runner/work/qa-automation-python/qa-automation-python/qa-testing-utils/src/qa_testing_utils/logger.py\", line 89, in wrapper\n    result = func(*args, **kwargs)\n  File \"/home/runner/work/qa-automation-python/qa-automation-python/qa-pytest-commons/src/qa_pytest_commons/generic_steps.py\", line 222, in failing\n    raise exception\n","steps":[],"attachments":[],"parameters":[],"shouldDisplayMessage":true,"stepsCount":0,"attachmentsCount":0,"hasContent":true,"attachmentStep":false},{"name":"When failing boom","time":{"start":1771395190065,"stop":1771395190065,"duration":0},"status":"broken","statusMessage":"qa_testing_utils.exceptions.TestException: boom\n","statusTrace":"  File \"/home/runner/work/qa-automation-python/qa-automation-python/qa-testing-utils/src/qa_testing_utils/logger.py\", line 89, in wrapper\n    result = func(*args, **kwargs)\n  File \"/home/runner/work/qa-automation-python/qa-automation-python/qa-pytest-commons/src/qa_pytest_commons/generic_steps.py\", line 222, in failing\n    raise exception\n","steps":[],"attachments":[],"parameters":[],"shouldDisplayMessage":true,"stepsCount":0,"attachmentsCount":0,"hasContent":true,"attachmentStep":false},{"name":"When failing boom","time":{"start":1771395192067,"stop":1771395192067,"duration":0},"status":"broken","statusMessage":"qa_testing_utils.exceptions.TestException: boom\n","statusTrace":"  File \"/home/runner/work/qa-automation-python/qa-automation-python/qa-testing-utils/src/qa_testing_utils/logger.py\", line 89, in wrapper\n    result = func(*args, **kwargs)\n  File \"/home/runner/work/qa-automation-python/qa-automation-python/qa-pytest-commons/src/qa_pytest_commons/generic_steps.py\", line 222, in failing\n    raise exception\n","steps":[],"attachments":[],"parameters":[],"shouldDisplayMessage":true,"stepsCount":0,"attachmentsCount":0,"hasContent":true,"attachmentStep":false},{"name":"When failing boom","time":{"start":1771395196069,"stop":1771395196069,"duration":0},"status":"broken","statusMessage":"qa_testing_utils.exceptions.TestException: boom\n","statusTrace":"  File \"/home/runner/work/qa-automation-python/qa-automation-python/qa-testing-utils/src/qa_testing_utils/logger.py\", line 89, in wrapper\n    result = func(*args, **kwargs)\n  File \"/home/runner/work/qa-automation-python/qa-automation-python/qa-pytest-commons/src/qa_pytest_commons/generic_steps.py\", line 222, in failing\n    raise exception\n","steps":[],"attachments":[],"parameters":[],"shouldDisplayMessage":true,"stepsCount":0,"attachmentsCount":0,"hasContent":true,"attachmentStep":false}],"attachments":[{"uid":"74ebc3a9786445e0","name":"log","source":"74ebc3a9786445e0.txt","type":"text/plain","size":1091}],"parameters":[],"shouldDisplayMessage":false,"stepsCount":5,"attachmentsCount":1,"hasContent":true,"attachmentStep":false},"afterStages":[{"name":"_xunit_setup_method_fixture_BddScenarioTests::0","time":{"start":1771395196070,"stop":1771395196070,"duration":0},"status":"passed","steps":[],"attachments":[],"parameters":[],"shouldDisplayMessage":false,"stepsCount":0,"attachmentsCount":0,"hasContent":false,"attachmentStep":false}],"labels":[{"name":"parentSuite","value":"qa-pytest-commons.tests"},{"name":"suite","value":"bdd_scenario_tests"},{"name":"subSuite","value":"BddScenarioTests"},{"name":"host","value":"runnervmjduv7"},{"name":"thread","value":"4407-MainThread"},{"name":"framework","value":"pytest"},{"name":"language","value":"cpython3"},{"name":"package","value":"qa-pytest-commons.tests.bdd_scenario_tests"},{"name":"resultFormat","value":"allure2"}],"parameters":[],"links":[],"hidden":false,"retry":false,"extra":{"severity":"normal","retries":[],"categories":[],"tags":[]},"source":"132b7af6fb66f4aa.json","parameterValues":[]}