{"uid":"3cf6e6266ca8d8d1","name":"should_fail","fullName":"qa-testing-utils.tests.self_tests.SelfTests#should_fail","historyId":"3a9547494cf63596f9c632e8155d0efb","time":{"start":1749535886259,"stop":1749535886260,"duration":1},"status":"skipped","statusMessage":"XFAIL tests a known failing assertion\n\nAssertionError: Assertion failed","statusTrace":"self = <tests.self_tests.SelfTests object at 0x7fb44f822ea0>\n\n    @pytest.mark.xfail(reason=\"tests a known failing assertion\")\n    def should_fail(self):\n        # NOTE: failure description is:\n        # Assertion failed\n>       assert_that(False)\nE       AssertionError: Assertion failed\n\nqa-testing-utils/tests/self_tests.py:41: AssertionError","flaky":false,"newFailed":false,"newBroken":false,"newPassed":false,"retriesCount":0,"retriesStatusChange":false,"beforeStages":[{"name":"_xunit_setup_method_fixture_SelfTests","time":{"start":1749535886259,"stop":1749535886259,"duration":0},"status":"passed","steps":[],"attachments":[],"parameters":[],"shouldDisplayMessage":false,"stepsCount":0,"attachmentsCount":0,"hasContent":false,"attachmentStep":false}],"testStage":{"status":"skipped","statusMessage":"XFAIL tests a known failing assertion\n\nAssertionError: Assertion failed","statusTrace":"self = <tests.self_tests.SelfTests object at 0x7fb44f822ea0>\n\n    @pytest.mark.xfail(reason=\"tests a known failing assertion\")\n    def should_fail(self):\n        # NOTE: failure description is:\n        # Assertion failed\n>       assert_that(False)\nE       AssertionError: Assertion failed\n\nqa-testing-utils/tests/self_tests.py:41: AssertionError","steps":[],"attachments":[{"uid":"71b42769a5c31194","name":"log","source":"71b42769a5c31194.txt","type":"text/plain","size":272}],"parameters":[],"shouldDisplayMessage":true,"stepsCount":0,"attachmentsCount":1,"hasContent":true,"attachmentStep":false},"afterStages":[{"name":"_xunit_setup_method_fixture_SelfTests::0","time":{"start":1749535886314,"stop":1749535886314,"duration":0},"status":"passed","steps":[],"attachments":[],"parameters":[],"shouldDisplayMessage":false,"stepsCount":0,"attachmentsCount":0,"hasContent":false,"attachmentStep":false}],"labels":[{"name":"parentSuite","value":"qa-testing-utils.tests"},{"name":"suite","value":"self_tests"},{"name":"subSuite","value":"SelfTests"},{"name":"host","value":"pkrvmf6wy0o8zjz"},{"name":"thread","value":"2907-MainThread"},{"name":"framework","value":"pytest"},{"name":"language","value":"cpython3"},{"name":"package","value":"qa-testing-utils.tests.self_tests"},{"name":"resultFormat","value":"allure2"}],"parameters":[],"links":[],"hidden":false,"retry":false,"extra":{"severity":"normal","retries":[],"categories":[],"tags":[]},"source":"3cf6e6266ca8d8d1.json","parameterValues":[]}