{"uid":"692bfdd28cfd190","name":"should_retry","fullName":"qa-pytest-commons.tests.bdd_scenario_tests.BddScenarioTests#should_retry","historyId":"65dddd020fdf736c2cd183da8553a4d0","time":{"start":1768934114485,"stop":1768934121490,"duration":7005},"status":"passed","flaky":false,"newFailed":false,"newBroken":false,"newPassed":false,"retriesCount":0,"retriesStatusChange":false,"beforeStages":[{"name":"_xunit_setup_method_fixture_BddScenarioTests","time":{"start":1768934114484,"stop":1768934114484,"duration":0},"status":"passed","steps":[],"attachments":[],"parameters":[],"shouldDisplayMessage":false,"stepsCount":0,"attachmentsCount":0,"hasContent":false,"attachmentStep":false}],"testStage":{"status":"passed","steps":[{"name":"Given nothing ","time":{"start":1768934114485,"stop":1768934114485,"duration":0},"status":"passed","steps":[],"attachments":[],"parameters":[],"shouldDisplayMessage":false,"stepsCount":0,"attachmentsCount":0,"hasContent":false,"attachmentStep":false},{"name":"When failing boom","time":{"start":1768934114486,"stop":1768934114486,"duration":0},"status":"broken","statusMessage":"qa_testing_utils.exceptions.TestException: boom\n","statusTrace":"  File \"/home/runner/work/qa-automation-python/qa-automation-python/qa-testing-utils/src/qa_testing_utils/logger.py\", line 89, in wrapper\n    result = func(*args, **kwargs)\n  File \"/home/runner/work/qa-automation-python/qa-automation-python/qa-pytest-commons/src/qa_pytest_commons/generic_steps.py\", line 222, in failing\n    raise exception\n","steps":[],"attachments":[],"parameters":[],"shouldDisplayMessage":true,"stepsCount":0,"attachmentsCount":0,"hasContent":true,"attachmentStep":false},{"name":"When failing boom","time":{"start":1768934115487,"stop":1768934115487,"duration":0},"status":"broken","statusMessage":"qa_testing_utils.exceptions.TestException: boom\n","statusTrace":"  File \"/home/runner/work/qa-automation-python/qa-automation-python/qa-testing-utils/src/qa_testing_utils/logger.py\", line 89, in wrapper\n    result = func(*args, **kwargs)\n  File \"/home/runner/work/qa-automation-python/qa-automation-python/qa-pytest-commons/src/qa_pytest_commons/generic_steps.py\", line 222, in failing\n    raise exception\n","steps":[],"attachments":[],"parameters":[],"shouldDisplayMessage":true,"stepsCount":0,"attachmentsCount":0,"hasContent":true,"attachmentStep":false},{"name":"When failing boom","time":{"start":1768934117488,"stop":1768934117488,"duration":0},"status":"broken","statusMessage":"qa_testing_utils.exceptions.TestException: boom\n","statusTrace":"  File \"/home/runner/work/qa-automation-python/qa-automation-python/qa-testing-utils/src/qa_testing_utils/logger.py\", line 89, in wrapper\n    result = func(*args, **kwargs)\n  File \"/home/runner/work/qa-automation-python/qa-automation-python/qa-pytest-commons/src/qa_pytest_commons/generic_steps.py\", line 222, in failing\n    raise exception\n","steps":[],"attachments":[],"parameters":[],"shouldDisplayMessage":true,"stepsCount":0,"attachmentsCount":0,"hasContent":true,"attachmentStep":false},{"name":"When failing boom","time":{"start":1768934121489,"stop":1768934121489,"duration":0},"status":"broken","statusMessage":"qa_testing_utils.exceptions.TestException: boom\n","statusTrace":"  File \"/home/runner/work/qa-automation-python/qa-automation-python/qa-testing-utils/src/qa_testing_utils/logger.py\", line 89, in wrapper\n    result = func(*args, **kwargs)\n  File \"/home/runner/work/qa-automation-python/qa-automation-python/qa-pytest-commons/src/qa_pytest_commons/generic_steps.py\", line 222, in failing\n    raise exception\n","steps":[],"attachments":[],"parameters":[],"shouldDisplayMessage":true,"stepsCount":0,"attachmentsCount":0,"hasContent":true,"attachmentStep":false}],"attachments":[{"uid":"964f451a1016099b","name":"log","source":"964f451a1016099b.txt","type":"text/plain","size":1091}],"parameters":[],"shouldDisplayMessage":false,"stepsCount":5,"attachmentsCount":1,"hasContent":true,"attachmentStep":false},"afterStages":[{"name":"_xunit_setup_method_fixture_BddScenarioTests::0","time":{"start":1768934121490,"stop":1768934121490,"duration":0},"status":"passed","steps":[],"attachments":[],"parameters":[],"shouldDisplayMessage":false,"stepsCount":0,"attachmentsCount":0,"hasContent":false,"attachmentStep":false}],"labels":[{"name":"parentSuite","value":"qa-pytest-commons.tests"},{"name":"suite","value":"bdd_scenario_tests"},{"name":"subSuite","value":"BddScenarioTests"},{"name":"host","value":"runnervmmtnos"},{"name":"thread","value":"3690-MainThread"},{"name":"framework","value":"pytest"},{"name":"language","value":"cpython3"},{"name":"package","value":"qa-pytest-commons.tests.bdd_scenario_tests"},{"name":"resultFormat","value":"allure2"}],"parameters":[],"links":[],"hidden":false,"retry":false,"extra":{"severity":"normal","retries":[],"categories":[],"tags":[]},"source":"692bfdd28cfd190.json","parameterValues":[]}