{"uid":"83327a0d54db3510","name":"should_fail","fullName":"qa-testing-utils.tests.self_tests.SelfTests#should_fail","historyId":"3a9547494cf63596f9c632e8155d0efb","time":{"start":1750361350649,"stop":1750361350649,"duration":0},"status":"skipped","statusMessage":"XFAIL tests a known failing assertion\n\nAssertionError: Assertion failed","statusTrace":"self = <tests.self_tests.SelfTests object at 0x7ff0c5469ba0>\n\n    @pytest.mark.xfail(reason=\"tests a known failing assertion\")\n    def should_fail(self):\n        # NOTE: failure description is:\n        # Assertion failed\n>       assert_that(False)\nE       AssertionError: Assertion failed\n\nqa-testing-utils/tests/self_tests.py:47: AssertionError","flaky":false,"newFailed":false,"newBroken":false,"newPassed":false,"retriesCount":0,"retriesStatusChange":false,"beforeStages":[{"name":"_xunit_setup_method_fixture_SelfTests","time":{"start":1750361350649,"stop":1750361350649,"duration":0},"status":"passed","steps":[],"attachments":[],"parameters":[],"shouldDisplayMessage":false,"stepsCount":0,"attachmentsCount":0,"hasContent":false,"attachmentStep":false}],"testStage":{"status":"skipped","statusMessage":"XFAIL tests a known failing assertion\n\nAssertionError: Assertion failed","statusTrace":"self = <tests.self_tests.SelfTests object at 0x7ff0c5469ba0>\n\n    @pytest.mark.xfail(reason=\"tests a known failing assertion\")\n    def should_fail(self):\n        # NOTE: failure description is:\n        # Assertion failed\n>       assert_that(False)\nE       AssertionError: Assertion failed\n\nqa-testing-utils/tests/self_tests.py:47: AssertionError","steps":[],"attachments":[{"uid":"28af0a2c9271af2d","name":"log","source":"28af0a2c9271af2d.txt","type":"text/plain","size":272}],"parameters":[],"shouldDisplayMessage":true,"stepsCount":0,"attachmentsCount":1,"hasContent":true,"attachmentStep":false},"afterStages":[{"name":"_xunit_setup_method_fixture_SelfTests::0","time":{"start":1750361350654,"stop":1750361350654,"duration":0},"status":"passed","steps":[],"attachments":[],"parameters":[],"shouldDisplayMessage":false,"stepsCount":0,"attachmentsCount":0,"hasContent":false,"attachmentStep":false}],"labels":[{"name":"parentSuite","value":"qa-testing-utils.tests"},{"name":"suite","value":"self_tests"},{"name":"subSuite","value":"SelfTests"},{"name":"host","value":"pkrvmxyh4eaekms"},{"name":"thread","value":"2922-MainThread"},{"name":"framework","value":"pytest"},{"name":"language","value":"cpython3"},{"name":"package","value":"qa-testing-utils.tests.self_tests"},{"name":"resultFormat","value":"allure2"}],"parameters":[],"links":[],"hidden":false,"retry":false,"extra":{"severity":"normal","retries":[],"categories":[],"tags":[]},"source":"83327a0d54db3510.json","parameterValues":[]}