{"uid":"a03415c0a807f299","name":"should_retry","fullName":"qa-pytest-commons.tests.bdd_scenario_tests.BddScenarioTests#should_retry","historyId":"65dddd020fdf736c2cd183da8553a4d0","time":{"start":1770136032415,"stop":1770136039420,"duration":7005},"status":"passed","flaky":false,"newFailed":false,"newBroken":false,"newPassed":false,"retriesCount":0,"retriesStatusChange":false,"beforeStages":[{"name":"_xunit_setup_method_fixture_BddScenarioTests","time":{"start":1770136032415,"stop":1770136032415,"duration":0},"status":"passed","steps":[],"attachments":[],"parameters":[],"shouldDisplayMessage":false,"stepsCount":0,"attachmentsCount":0,"hasContent":false,"attachmentStep":false}],"testStage":{"status":"passed","steps":[{"name":"Given nothing ","time":{"start":1770136032416,"stop":1770136032416,"duration":0},"status":"passed","steps":[],"attachments":[],"parameters":[],"shouldDisplayMessage":false,"stepsCount":0,"attachmentsCount":0,"hasContent":false,"attachmentStep":false},{"name":"When failing boom","time":{"start":1770136032416,"stop":1770136032416,"duration":0},"status":"broken","statusMessage":"qa_testing_utils.exceptions.TestException: boom\n","statusTrace":"  File \"/home/runner/work/qa-automation-python/qa-automation-python/qa-testing-utils/src/qa_testing_utils/logger.py\", line 89, in wrapper\n    result = func(*args, **kwargs)\n  File \"/home/runner/work/qa-automation-python/qa-automation-python/qa-pytest-commons/src/qa_pytest_commons/generic_steps.py\", line 222, in failing\n    raise exception\n","steps":[],"attachments":[],"parameters":[],"shouldDisplayMessage":true,"stepsCount":0,"attachmentsCount":0,"hasContent":true,"attachmentStep":false},{"name":"When failing boom","time":{"start":1770136033417,"stop":1770136033417,"duration":0},"status":"broken","statusMessage":"qa_testing_utils.exceptions.TestException: boom\n","statusTrace":"  File \"/home/runner/work/qa-automation-python/qa-automation-python/qa-testing-utils/src/qa_testing_utils/logger.py\", line 89, in wrapper\n    result = func(*args, **kwargs)\n  File \"/home/runner/work/qa-automation-python/qa-automation-python/qa-pytest-commons/src/qa_pytest_commons/generic_steps.py\", line 222, in failing\n    raise exception\n","steps":[],"attachments":[],"parameters":[],"shouldDisplayMessage":true,"stepsCount":0,"attachmentsCount":0,"hasContent":true,"attachmentStep":false},{"name":"When failing boom","time":{"start":1770136035418,"stop":1770136035418,"duration":0},"status":"broken","statusMessage":"qa_testing_utils.exceptions.TestException: boom\n","statusTrace":"  File \"/home/runner/work/qa-automation-python/qa-automation-python/qa-testing-utils/src/qa_testing_utils/logger.py\", line 89, in wrapper\n    result = func(*args, **kwargs)\n  File \"/home/runner/work/qa-automation-python/qa-automation-python/qa-pytest-commons/src/qa_pytest_commons/generic_steps.py\", line 222, in failing\n    raise exception\n","steps":[],"attachments":[],"parameters":[],"shouldDisplayMessage":true,"stepsCount":0,"attachmentsCount":0,"hasContent":true,"attachmentStep":false},{"name":"When failing boom","time":{"start":1770136039419,"stop":1770136039419,"duration":0},"status":"broken","statusMessage":"qa_testing_utils.exceptions.TestException: boom\n","statusTrace":"  File \"/home/runner/work/qa-automation-python/qa-automation-python/qa-testing-utils/src/qa_testing_utils/logger.py\", line 89, in wrapper\n    result = func(*args, **kwargs)\n  File \"/home/runner/work/qa-automation-python/qa-automation-python/qa-pytest-commons/src/qa_pytest_commons/generic_steps.py\", line 222, in failing\n    raise exception\n","steps":[],"attachments":[],"parameters":[],"shouldDisplayMessage":true,"stepsCount":0,"attachmentsCount":0,"hasContent":true,"attachmentStep":false}],"attachments":[{"uid":"a370be34ee57a38a","name":"log","source":"a370be34ee57a38a.txt","type":"text/plain","size":1091}],"parameters":[],"shouldDisplayMessage":false,"stepsCount":5,"attachmentsCount":1,"hasContent":true,"attachmentStep":false},"afterStages":[{"name":"_xunit_setup_method_fixture_BddScenarioTests::0","time":{"start":1770136039421,"stop":1770136039421,"duration":0},"status":"passed","steps":[],"attachments":[],"parameters":[],"shouldDisplayMessage":false,"stepsCount":0,"attachmentsCount":0,"hasContent":false,"attachmentStep":false}],"labels":[{"name":"parentSuite","value":"qa-pytest-commons.tests"},{"name":"suite","value":"bdd_scenario_tests"},{"name":"subSuite","value":"BddScenarioTests"},{"name":"host","value":"runnervmkj6or"},{"name":"thread","value":"3867-MainThread"},{"name":"framework","value":"pytest"},{"name":"language","value":"cpython3"},{"name":"package","value":"qa-pytest-commons.tests.bdd_scenario_tests"},{"name":"resultFormat","value":"allure2"}],"parameters":[],"links":[],"hidden":false,"retry":false,"extra":{"severity":"normal","retries":[],"categories":[],"tags":[]},"source":"a03415c0a807f299.json","parameterValues":[]}