{"uid":"f7930bc0e252b21c","name":"should_fail","fullName":"qa-testing-utils.tests.self_tests.SelfTests#should_fail","historyId":"3a9547494cf63596f9c632e8155d0efb","time":{"start":1750013507899,"stop":1750013507900,"duration":1},"status":"skipped","statusMessage":"XFAIL tests a known failing assertion\n\nAssertionError: Assertion failed","statusTrace":"self = <tests.self_tests.SelfTests object at 0x7f0a0becb360>\n\n    @pytest.mark.xfail(reason=\"tests a known failing assertion\")\n    def should_fail(self):\n        # NOTE: failure description is:\n        # Assertion failed\n>       assert_that(False)\nE       AssertionError: Assertion failed\n\nqa-testing-utils/tests/self_tests.py:41: AssertionError","flaky":false,"newFailed":false,"newBroken":false,"newPassed":false,"retriesCount":0,"retriesStatusChange":false,"beforeStages":[{"name":"_xunit_setup_method_fixture_SelfTests","time":{"start":1750013507898,"stop":1750013507898,"duration":0},"status":"passed","steps":[],"attachments":[],"parameters":[],"shouldDisplayMessage":false,"stepsCount":0,"attachmentsCount":0,"hasContent":false,"attachmentStep":false}],"testStage":{"status":"skipped","statusMessage":"XFAIL tests a known failing assertion\n\nAssertionError: Assertion failed","statusTrace":"self = <tests.self_tests.SelfTests object at 0x7f0a0becb360>\n\n    @pytest.mark.xfail(reason=\"tests a known failing assertion\")\n    def should_fail(self):\n        # NOTE: failure description is:\n        # Assertion failed\n>       assert_that(False)\nE       AssertionError: Assertion failed\n\nqa-testing-utils/tests/self_tests.py:41: AssertionError","steps":[],"attachments":[{"uid":"58ac523742eaf2dd","name":"log","source":"58ac523742eaf2dd.txt","type":"text/plain","size":272}],"parameters":[],"shouldDisplayMessage":true,"stepsCount":0,"attachmentsCount":1,"hasContent":true,"attachmentStep":false},"afterStages":[{"name":"_xunit_setup_method_fixture_SelfTests::0","time":{"start":1750013507957,"stop":1750013507958,"duration":1},"status":"passed","steps":[],"attachments":[],"parameters":[],"shouldDisplayMessage":false,"stepsCount":0,"attachmentsCount":0,"hasContent":false,"attachmentStep":false}],"labels":[{"name":"parentSuite","value":"qa-testing-utils.tests"},{"name":"suite","value":"self_tests"},{"name":"subSuite","value":"SelfTests"},{"name":"host","value":"pkrvmxyh4eaekms"},{"name":"thread","value":"2908-MainThread"},{"name":"framework","value":"pytest"},{"name":"language","value":"cpython3"},{"name":"package","value":"qa-testing-utils.tests.self_tests"},{"name":"resultFormat","value":"allure2"}],"parameters":[],"links":[],"hidden":false,"retry":false,"extra":{"severity":"normal","retries":[],"categories":[],"tags":[]},"source":"f7930bc0e252b21c.json","parameterValues":[]}